[2020-11-02 11:01:12] production.ERROR: RuntimeException: The only supported ciphers are AES-128-CBC and AES-256-CBC with the correct key lengths. in F:\xampp\htdocs\laravel-with-keygen-demo-master\bootstrap\cache\compiled.php:13312
Stack trace:
#0 F:\xampp\htdocs\laravel-with-keygen-demo-master\bootstrap\cache\compiled.php(7753): Illuminate\Encryption\Encrypter->__construct('', 'AES-256-CBC')
#1 F:\xampp\htdocs\laravel-with-keygen-demo-master\bootstrap\cache\compiled.php(1373): Illuminate\Encryption\EncryptionServiceProvider->Illuminate\Encryption\{closure}(Object(Illuminate\Foundation\Application), Array)
#2 F:\xampp\htdocs\laravel-with-keygen-demo-master\bootstrap\cache\compiled.php(1329): Illuminate\Container\Container->build(Object(Closure), Array)
#3 F:\xampp\htdocs\laravel-with-keygen-demo-master\bootstrap\cache\compiled.php(1907): Illuminate\Container\Container->make('encrypter', Array)
#4 F:\xampp\htdocs\laravel-with-keygen-demo-master\bootstrap\cache\compiled.php(1430): Illuminate\Foundation\Application->make('encrypter')
#5 F:\xampp\htdocs\laravel-with-keygen-demo-master\bootstrap\cache\compiled.php(1407): Illuminate\Container\Container->resolveClass(Object(ReflectionParameter))
#6 F:\xampp\htdocs\laravel-with-keygen-demo-master\bootstrap\cache\compiled.php(1393): Illuminate\Container\Container->getDependencies(Array, Array)
#7 F:\xampp\htdocs\laravel-with-keygen-demo-master\bootstrap\cache\compiled.php(1329): Illuminate\Container\Container->build('App\\Http\\Middle...', Array)
#8 F:\xampp\htdocs\laravel-with-keygen-demo-master\bootstrap\cache\compiled.php(1907): Illuminate\Container\Container->make('App\\Http\\Middle...', Array)
#9 F:\xampp\htdocs\laravel-with-keygen-demo-master\bootstrap\cache\compiled.php(9882): Illuminate\Foundation\Application->make('App\\Http\\Middle...')
#10 F:\xampp\htdocs\laravel-with-keygen-demo-master\vendor\laravel\framework\src\Illuminate\Routing\Pipeline.php(33): Illuminate\Pipeline\Pipeline->Illuminate\Pipeline\{closure}(Object(Illuminate\Http\Request))
#11 F:\xampp\htdocs\laravel-with-keygen-demo-master\bootstrap\cache\compiled.php(9872): Illuminate\Routing\Pipeline->Illuminate\Routing\{closure}(Object(Illuminate\Http\Request))
#12 F:\xampp\htdocs\laravel-with-keygen-demo-master\bootstrap\cache\compiled.php(8178): Illuminate\Pipeline\Pipeline->then(Object(Closure))
#13 F:\xampp\htdocs\laravel-with-keygen-demo-master\bootstrap\cache\compiled.php(8169): Illuminate\Routing\Router->runRouteWithinStack(Object(Illuminate\Routing\Route), Object(Illuminate\Http\Request))
#14 F:\xampp\htdocs\laravel-with-keygen-demo-master\bootstrap\cache\compiled.php(8160): Illuminate\Routing\Router->dispatchToRoute(Object(Illuminate\Http\Request))
#15 F:\xampp\htdocs\laravel-with-keygen-demo-master\bootstrap\cache\compiled.php(2471): Illuminate\Routing\Router->dispatch(Object(Illuminate\Http\Request))
#16 F:\xampp\htdocs\laravel-with-keygen-demo-master\vendor\laravel\framework\src\Illuminate\Routing\Pipeline.php(53): Illuminate\Foundation\Http\Kernel->Illuminate\Foundation\Http\{closure}(Object(Illuminate\Http\Request))
#17 F:\xampp\htdocs\laravel-with-keygen-demo-master\bootstrap\cache\compiled.php(3226): Illuminate\Routing\Pipeline->Illuminate\Routing\{closure}(Object(Illuminate\Http\Request))
#18 F:\xampp\htdocs\laravel-with-keygen-demo-master\bootstrap\cache\compiled.php(9887): Illuminate\Foundation\Http\Middleware\CheckForMaintenanceMode->handle(Object(Illuminate\Http\Request), Object(Closure))
#19 F:\xampp\htdocs\laravel-with-keygen-demo-master\vendor\laravel\framework\src\Illuminate\Routing\Pipeline.php(33): Illuminate\Pipeline\Pipeline->Illuminate\Pipeline\{closure}(Object(Illuminate\Http\Request))
#20 F:\xampp\htdocs\laravel-with-keygen-demo-master\bootstrap\cache\compiled.php(9872): Illuminate\Routing\Pipeline->Illuminate\Routing\{closure}(Object(Illuminate\Http\Request))
#21 F:\xampp\htdocs\laravel-with-keygen-demo-master\bootstrap\cache\compiled.php(2415): Illuminate\Pipeline\Pipeline->then(Object(Closure))
#22 F:\xampp\htdocs\laravel-with-keygen-demo-master\bootstrap\cache\compiled.php(2399): Illuminate\Foundation\Http\Kernel->sendRequestThroughRouter(Object(Illuminate\Http\Request))
#23 F:\xampp\htdocs\laravel-with-keygen-demo-master\public\index.php(53): Illuminate\Foundation\Http\Kernel->handle(Object(Illuminate\Http\Request))
#24 F:\xampp\htdocs\laravel-with-keygen-demo-master\server.php(21): require_once('F:\\xampp\\htdocs...')
#25 {main}  
[2020-11-02 11:01:12] production.ERROR: RuntimeException: The only supported ciphers are AES-128-CBC and AES-256-CBC with the correct key lengths. in F:\xampp\htdocs\laravel-with-keygen-demo-master\bootstrap\cache\compiled.php:13312
Stack trace:
#0 F:\xampp\htdocs\laravel-with-keygen-demo-master\bootstrap\cache\compiled.php(7753): Illuminate\Encryption\Encrypter->__construct('', 'AES-256-CBC')
#1 F:\xampp\htdocs\laravel-with-keygen-demo-master\bootstrap\cache\compiled.php(1373): Illuminate\Encryption\EncryptionServiceProvider->Illuminate\Encryption\{closure}(Object(Illuminate\Foundation\Application), Array)
#2 F:\xampp\htdocs\laravel-with-keygen-demo-master\bootstrap\cache\compiled.php(1329): Illuminate\Container\Container->build(Object(Closure), Array)
#3 F:\xampp\htdocs\laravel-with-keygen-demo-master\bootstrap\cache\compiled.php(1907): Illuminate\Container\Container->make('encrypter', Array)
#4 F:\xampp\htdocs\laravel-with-keygen-demo-master\bootstrap\cache\compiled.php(1430): Illuminate\Foundation\Application->make('encrypter')
#5 F:\xampp\htdocs\laravel-with-keygen-demo-master\bootstrap\cache\compiled.php(1407): Illuminate\Container\Container->resolveClass(Object(ReflectionParameter))
#6 F:\xampp\htdocs\laravel-with-keygen-demo-master\bootstrap\cache\compiled.php(1393): Illuminate\Container\Container->getDependencies(Array, Array)
#7 F:\xampp\htdocs\laravel-with-keygen-demo-master\bootstrap\cache\compiled.php(1329): Illuminate\Container\Container->build('App\\Http\\Middle...', Array)
#8 F:\xampp\htdocs\laravel-with-keygen-demo-master\bootstrap\cache\compiled.php(1907): Illuminate\Container\Container->make('App\\Http\\Middle...', Array)
#9 F:\xampp\htdocs\laravel-with-keygen-demo-master\bootstrap\cache\compiled.php(2425): Illuminate\Foundation\Application->make('App\\Http\\Middle...')
#10 F:\xampp\htdocs\laravel-with-keygen-demo-master\public\index.php(58): Illuminate\Foundation\Http\Kernel->terminate(Object(Illuminate\Http\Request), Object(Illuminate\Http\Response))
#11 F:\xampp\htdocs\laravel-with-keygen-demo-master\server.php(21): require_once('F:\\xampp\\htdocs...')
#12 {main}  
